2024-07-29 13:53:16.464 -06:00 [DBG] Registered model binder providers, in the following order: ["Microsoft.AspNetCore.Mvc.ModelBinding.Binders.BinderTypeModelBinderProvider","Microsoft.AspNetCore.Mvc.ModelBinding.Binders.ServicesModelBinderProvider","Microsoft.AspNetCore.Mvc.ModelBinding.Binders.BodyModelBinderProvider","Microsoft.AspNetCore.Mvc.ModelBinding.Binders.HeaderModelBinderProvider","Microsoft.AspNetCore.Mvc.ModelBinding.Binders.FloatingPointTypeModelBinderProvider","Microsoft.AspNetCore.Mvc.ModelBinding.Binders.EnumTypeModelBinderProvider","Microsoft.AspNetCore.Mvc.ModelBinding.Binders.DateTimeModelBinderProvider","Microsoft.AspNetCore.Mvc.ModelBinding.Binders.SimpleTypeModelBinderProvider","Microsoft.AspNetCore.Mvc.ModelBinding.Binders.CancellationTokenModelBinderProvider","Microsoft.AspNetCore.Mvc.ModelBinding.Binders.ByteArrayModelBinderProvider","Microsoft.AspNetCore.Mvc.ModelBinding.Binders.FormFileModelBinderProvider","Microsoft.AspNetCore.Mvc.ModelBinding.Binders.FormCollectionModelBinderProvider","Microsoft.AspNetCore.Mvc.ModelBinding.Binders.KeyValuePairModelBinderProvider","Microsoft.AspNetCore.Mvc.ModelBinding.Binders.DictionaryModelBinderProvider","Microsoft.AspNetCore.Mvc.ModelBinding.Binders.ArrayModelBinderProvider","Microsoft.AspNetCore.Mvc.ModelBinding.Binders.CollectionModelBinderProvider","Microsoft.AspNetCore.Mvc.ModelBinding.Binders.ComplexObjectModelBinderProvider"]
2024-07-29 13:53:16.546 -06:00 [DBG] Hosting starting
2024-07-29 13:53:16.560 -06:00 [INF] User profile is available. Using 'C:\Users\arteaprogramar\AppData\Local\ASP.NET\DataProtection-Keys' as key repository and Windows DPAPI to encrypt keys at rest.
2024-07-29 13:53:16.567 -06:00 [DBG] Reading data from file 'C:\Users\arteaprogramar\AppData\Local\ASP.NET\DataProtection-Keys\key-438b3033-47cb-4af5-ba1a-995e8a584136.xml'.
2024-07-29 13:53:16.573 -06:00 [DBG] Reading data from file 'C:\Users\arteaprogramar\AppData\Local\ASP.NET\DataProtection-Keys\key-f525847f-758a-46e9-86b1-dd6e6d9d7bac.xml'.
2024-07-29 13:53:16.579 -06:00 [DBG] Found key {438b3033-47cb-4af5-ba1a-995e8a584136}.
2024-07-29 13:53:16.582 -06:00 [DBG] Found key {f525847f-758a-46e9-86b1-dd6e6d9d7bac}.
2024-07-29 13:53:16.591 -06:00 [DBG] Considering key {f525847f-758a-46e9-86b1-dd6e6d9d7bac} with expiration date 2024-09-08 23:39:51Z as default key.
2024-07-29 13:53:16.594 -06:00 [DBG] Forwarded activator type request from Microsoft.AspNetCore.DataProtection.XmlEncryption.DpapiXmlDecryptor, Microsoft.AspNetCore.DataProtection, Version=6.0.0.0, Culture=neutral, PublicKeyToken=adb9793829ddae60 to Microsoft.AspNetCore.DataProtection.XmlEncryption.DpapiXmlDecryptor, Microsoft.AspNetCore.DataProtection, Culture=neutral, PublicKeyToken=adb9793829ddae60
2024-07-29 13:53:16.598 -06:00 [DBG] Decrypting secret element using Windows DPAPI.
2024-07-29 13:53:16.599 -06:00 [DBG] Forwarded activator type request from Microsoft.AspNetCore.DataProtection.AuthenticatedEncryption.ConfigurationModel.AuthenticatedEncryptorDescriptorDeserializer, Microsoft.AspNetCore.DataProtection, Version=6.0.0.0, Culture=neutral, PublicKeyToken=adb9793829ddae60 to Microsoft.AspNetCore.DataProtection.AuthenticatedEncryption.ConfigurationModel.AuthenticatedEncryptorDescriptorDeserializer, Microsoft.AspNetCore.DataProtection, Culture=neutral, PublicKeyToken=adb9793829ddae60
2024-07-29 13:53:16.604 -06:00 [DBG] Opening CNG algorithm 'AES' from provider 'null' with chaining mode CBC.
2024-07-29 13:53:16.607 -06:00 [DBG] Opening CNG algorithm 'SHA256' from provider 'null' with HMAC.
2024-07-29 13:53:16.610 -06:00 [DBG] Using key {f525847f-758a-46e9-86b1-dd6e6d9d7bac} as the default key.
2024-07-29 13:53:16.611 -06:00 [DBG] Key ring with default key {f525847f-758a-46e9-86b1-dd6e6d9d7bac} was loaded during application startup.
2024-07-29 13:53:16.681 -06:00 [DBG] Using development certificate: CN=localhost (Thumbprint: 7D401DD9D40A0E9E829B90A6E7BED6014B17A9F5)
2024-07-29 13:53:16.704 -06:00 [INF] Now listening on: https://localhost:7049
2024-07-29 13:53:16.705 -06:00 [INF] Now listening on: http://localhost:5279
2024-07-29 13:53:16.706 -06:00 [DBG] Loaded hosting startup assembly Application
2024-07-29 13:53:16.707 -06:00 [INF] Application started. Press Ctrl+C to shut down.
2024-07-29 13:53:16.707 -06:00 [INF] Hosting environment: Development
2024-07-29 13:53:16.708 -06:00 [INF] Content root path: C:\Users\arteaprogramar\Documents\CustomSoft\Back\Application\
2024-07-29 13:53:16.709 -06:00 [DBG] Hosting started
2024-07-29 13:53:22.193 -06:00 [DBG] Connection id "0HN5G10CVL9CN" accepted.
2024-07-29 13:53:22.196 -06:00 [DBG] Connection id "0HN5G10CVL9CN" started.
2024-07-29 13:53:22.227 -06:00 [DBG] Connection id "0HN5G10CVL9CN" received FIN.
2024-07-29 13:53:22.228 -06:00 [DBG] Connection id "0HN5G10CVL9CO" accepted.
2024-07-29 13:53:22.230 -06:00 [DBG] Connection id "0HN5G10CVL9CO" started.
2024-07-29 13:53:22.235 -06:00 [DBG] Failed to authenticate HTTPS connection.
System.Security.Authentication.AuthenticationException: Authentication failed, see inner exception.
 ---> System.ComponentModel.Win32Exception (0x80090327): Error desconocido al procesar el certificado.
   --- End of inner exception stack trace ---
   at System.Net.Security.SslStream.ForceAuthenticationAsync[TIOAdapter](TIOAdapter adapter, Boolean receiveFirst, Byte[] reAuthenticationData, Boolean isApm)
   at Microsoft.AspNetCore.Server.Kestrel.Https.Internal.HttpsConnectionMiddleware.OnConnectionAsync(ConnectionContext context)
2024-07-29 13:53:22.243 -06:00 [DBG] Connection 0HN5G10CVL9CO established using the following protocol: "Tls13"
2024-07-29 13:53:22.254 -06:00 [DBG] Connection id "0HN5G10CVL9CN" stopped.
2024-07-29 13:53:22.257 -06:00 [DBG] Connection id "0HN5G10CVL9CN" sending FIN because: "The Socket transport's send loop completed gracefully."
2024-07-29 13:53:22.300 -06:00 [INF] Request starting HTTP/2 POST https://localhost:7049/api/App/store/detail application/json 171
2024-07-29 13:53:22.302 -06:00 [DBG] Wildcard detected, all requests with hosts will be allowed.
2024-07-29 13:53:22.320 -06:00 [DBG] POST requests are not supported
2024-07-29 13:53:22.323 -06:00 [DBG] The request has an origin header: 'https://localhost:7049'.
2024-07-29 13:53:22.325 -06:00 [INF] CORS policy execution successful.
2024-07-29 13:53:22.350 -06:00 [DBG] 1 candidate(s) found for the request path '/api/App/store/detail'
2024-07-29 13:53:22.361 -06:00 [DBG] Endpoint 'Application.Controller.App.AppController.SyncUserDetail (Application)' with route pattern 'api/App/store/detail' is valid for the request path '/api/App/store/detail'
2024-07-29 13:53:22.364 -06:00 [DBG] Request matched endpoint 'Application.Controller.App.AppController.SyncUserDetail (Application)'
2024-07-29 13:53:22.366 -06:00 [INF] Executing endpoint 'Application.Controller.App.AppController.SyncUserDetail (Application)'
2024-07-29 13:53:22.411 -06:00 [INF] Route matched with {action = "SyncUserDetail", controller = "App"}. Executing controller action with signature System.Threading.Tasks.Task`1[Microsoft.AspNetCore.Mvc.IActionResult] SyncUserDetail(Domain.Request.App.CreateUserDetailRequest) on controller Application.Controller.App.AppController (Application).
2024-07-29 13:53:22.413 -06:00 [DBG] Execution plan of authorization filters (in the following order): ["None"]
2024-07-29 13:53:22.414 -06:00 [DBG] Execution plan of resource filters (in the following order): ["None"]
2024-07-29 13:53:22.415 -06:00 [DBG] Execution plan of action filters (in the following order): ["Microsoft.AspNetCore.Mvc.ModelBinding.UnsupportedContentTypeFilter (Order: -3000)","Microsoft.AspNetCore.Mvc.Infrastructure.ModelStateInvalidFilter (Order: -2000)"]
2024-07-29 13:53:22.416 -06:00 [DBG] Execution plan of exception filters (in the following order): ["None"]
2024-07-29 13:53:22.416 -06:00 [DBG] Execution plan of result filters (in the following order): ["Microsoft.AspNetCore.Mvc.Infrastructure.ClientErrorResultFilter (Order: -2000)"]
2024-07-29 13:53:22.418 -06:00 [DBG] Executing controller factory for controller Application.Controller.App.AppController (Application)
2024-07-29 13:53:22.418 -06:00 [DBG] Executed controller factory for controller Application.Controller.App.AppController (Application)
2024-07-29 13:53:22.424 -06:00 [DBG] Attempting to bind parameter 'request' of type 'Domain.Request.App.CreateUserDetailRequest' ...
2024-07-29 13:53:22.426 -06:00 [DBG] Attempting to bind parameter 'request' of type 'Domain.Request.App.CreateUserDetailRequest' using the name '' in request data ...
2024-07-29 13:53:22.428 -06:00 [DBG] Selected input formatter 'Microsoft.AspNetCore.Mvc.Formatters.SystemTextJsonInputFormatter' for content type 'application/json'.
2024-07-29 13:53:22.505 -06:00 [DBG] Connection id "0HN5G10CVL9CO", Request id "0HN5G10CVL9CO:00000001": started reading request body.
2024-07-29 13:53:22.508 -06:00 [DBG] Connection id "0HN5G10CVL9CO", Request id "0HN5G10CVL9CO:00000001": done reading request body.
2024-07-29 13:53:22.530 -06:00 [DBG] JSON input formatter succeeded, deserializing to type 'Domain.Request.App.CreateUserDetailRequest'
2024-07-29 13:53:22.532 -06:00 [DBG] Done attempting to bind parameter 'request' of type 'Domain.Request.App.CreateUserDetailRequest'.
2024-07-29 13:53:22.533 -06:00 [DBG] Done attempting to bind parameter 'request' of type 'Domain.Request.App.CreateUserDetailRequest'.
2024-07-29 13:53:22.534 -06:00 [DBG] Attempting to validate the bound parameter 'request' of type 'Domain.Request.App.CreateUserDetailRequest' ...
2024-07-29 13:53:22.548 -06:00 [DBG] Done attempting to validate the bound parameter 'request' of type 'Domain.Request.App.CreateUserDetailRequest'.
2024-07-29 13:53:22.675 -06:00 [INF] Se ha recibido una solicitud para actualizar datos
2024-07-29 13:53:23.105 -06:00 [DBG] List of registered output formatters, in the following order: ["Microsoft.AspNetCore.Mvc.Formatters.HttpNoContentOutputFormatter","Microsoft.AspNetCore.Mvc.Formatters.StringOutputFormatter","Microsoft.AspNetCore.Mvc.Formatters.StreamOutputFormatter","Microsoft.AspNetCore.Mvc.Formatters.SystemTextJsonOutputFormatter"]
2024-07-29 13:53:23.109 -06:00 [DBG] No information found on request to perform content negotiation.
2024-07-29 13:53:23.110 -06:00 [DBG] Attempting to select an output formatter without using a content type as no explicit content types were specified for the response.
2024-07-29 13:53:23.110 -06:00 [DBG] Attempting to select the first formatter in the output formatters list which can write the result.
2024-07-29 13:53:23.111 -06:00 [DBG] Selected output formatter 'Microsoft.AspNetCore.Mvc.Formatters.SystemTextJsonOutputFormatter' and content type 'application/json' to write the response.
2024-07-29 13:53:23.112 -06:00 [INF] Executing OkObjectResult, writing value of type 'Domain.Response.BaseResponse'.
2024-07-29 13:53:23.142 -06:00 [INF] Executed action Application.Controller.App.AppController.SyncUserDetail (Application) in 720.6776ms
2024-07-29 13:53:23.145 -06:00 [INF] Executed endpoint 'Application.Controller.App.AppController.SyncUserDetail (Application)'
2024-07-29 13:53:23.149 -06:00 [INF] Request finished HTTP/2 POST https://localhost:7049/api/App/store/detail application/json 171 - 200 - application/json;+charset=utf-8 853.1071ms
2024-07-29 13:55:35.527 -06:00 [DBG] Connection id "0HN5G10CVL9CO" is closing.
2024-07-29 13:55:35.534 -06:00 [DBG] Connection id "0HN5G10CVL9CO" is closed. The last processed stream ID was 1.
2024-07-29 13:55:35.536 -06:00 [DBG] Connection id "0HN5G10CVL9CO" received FIN.
2024-07-29 13:55:35.537 -06:00 [DBG] Connection id "0HN5G10CVL9CO" sending FIN because: "The Socket transport's send loop completed gracefully."
2024-07-29 13:55:35.543 -06:00 [DBG] Connection id "0HN5G10CVL9CO" stopped.
2024-07-29 14:18:47.124 -06:00 [DBG] Config reload token fired. Checking for changes...
2024-07-29 14:18:47.389 -06:00 [DBG] Config reload token fired. Checking for changes...
2024-07-29 14:18:48.681 -06:00 [INF] Application is shutting down...
2024-07-29 14:18:48.683 -06:00 [DBG] Hosting stopping
2024-07-29 14:18:48.693 -06:00 [DBG] Hosting stopped
2024-07-29 14:19:58.973 -06:00 [DBG] Registered model binder providers, in the following order: ["Microsoft.AspNetCore.Mvc.ModelBinding.Binders.BinderTypeModelBinderProvider","Microsoft.AspNetCore.Mvc.ModelBinding.Binders.ServicesModelBinderProvider","Microsoft.AspNetCore.Mvc.ModelBinding.Binders.BodyModelBinderProvider","Microsoft.AspNetCore.Mvc.ModelBinding.Binders.HeaderModelBinderProvider","Microsoft.AspNetCore.Mvc.ModelBinding.Binders.FloatingPointTypeModelBinderProvider","Microsoft.AspNetCore.Mvc.ModelBinding.Binders.EnumTypeModelBinderProvider","Microsoft.AspNetCore.Mvc.ModelBinding.Binders.DateTimeModelBinderProvider","Microsoft.AspNetCore.Mvc.ModelBinding.Binders.SimpleTypeModelBinderProvider","Microsoft.AspNetCore.Mvc.ModelBinding.Binders.CancellationTokenModelBinderProvider","Microsoft.AspNetCore.Mvc.ModelBinding.Binders.ByteArrayModelBinderProvider","Microsoft.AspNetCore.Mvc.ModelBinding.Binders.FormFileModelBinderProvider","Microsoft.AspNetCore.Mvc.ModelBinding.Binders.FormCollectionModelBinderProvider","Microsoft.AspNetCore.Mvc.ModelBinding.Binders.KeyValuePairModelBinderProvider","Microsoft.AspNetCore.Mvc.ModelBinding.Binders.DictionaryModelBinderProvider","Microsoft.AspNetCore.Mvc.ModelBinding.Binders.ArrayModelBinderProvider","Microsoft.AspNetCore.Mvc.ModelBinding.Binders.CollectionModelBinderProvider","Microsoft.AspNetCore.Mvc.ModelBinding.Binders.ComplexObjectModelBinderProvider"]
2024-07-29 14:19:59.047 -06:00 [DBG] Hosting starting
2024-07-29 14:19:59.066 -06:00 [INF] User profile is available. Using 'C:\Users\arteaprogramar\AppData\Local\ASP.NET\DataProtection-Keys' as key repository and Windows DPAPI to encrypt keys at rest.
2024-07-29 14:19:59.074 -06:00 [DBG] Reading data from file 'C:\Users\arteaprogramar\AppData\Local\ASP.NET\DataProtection-Keys\key-438b3033-47cb-4af5-ba1a-995e8a584136.xml'.
2024-07-29 14:19:59.085 -06:00 [DBG] Reading data from file 'C:\Users\arteaprogramar\AppData\Local\ASP.NET\DataProtection-Keys\key-f525847f-758a-46e9-86b1-dd6e6d9d7bac.xml'.
2024-07-29 14:19:59.091 -06:00 [DBG] Found key {438b3033-47cb-4af5-ba1a-995e8a584136}.
2024-07-29 14:19:59.094 -06:00 [DBG] Found key {f525847f-758a-46e9-86b1-dd6e6d9d7bac}.
2024-07-29 14:19:59.100 -06:00 [DBG] Considering key {f525847f-758a-46e9-86b1-dd6e6d9d7bac} with expiration date 2024-09-08 23:39:51Z as default key.
2024-07-29 14:19:59.102 -06:00 [DBG] Forwarded activator type request from Microsoft.AspNetCore.DataProtection.XmlEncryption.DpapiXmlDecryptor, Microsoft.AspNetCore.DataProtection, Version=6.0.0.0, Culture=neutral, PublicKeyToken=adb9793829ddae60 to Microsoft.AspNetCore.DataProtection.XmlEncryption.DpapiXmlDecryptor, Microsoft.AspNetCore.DataProtection, Culture=neutral, PublicKeyToken=adb9793829ddae60
2024-07-29 14:19:59.105 -06:00 [DBG] Decrypting secret element using Windows DPAPI.
2024-07-29 14:19:59.106 -06:00 [DBG] Forwarded activator type request from Microsoft.AspNetCore.DataProtection.AuthenticatedEncryption.ConfigurationModel.AuthenticatedEncryptorDescriptorDeserializer, Microsoft.AspNetCore.DataProtection, Version=6.0.0.0, Culture=neutral, PublicKeyToken=adb9793829ddae60 to Microsoft.AspNetCore.DataProtection.AuthenticatedEncryption.ConfigurationModel.AuthenticatedEncryptorDescriptorDeserializer, Microsoft.AspNetCore.DataProtection, Culture=neutral, PublicKeyToken=adb9793829ddae60
2024-07-29 14:19:59.110 -06:00 [DBG] Opening CNG algorithm 'AES' from provider 'null' with chaining mode CBC.
2024-07-29 14:19:59.114 -06:00 [DBG] Opening CNG algorithm 'SHA256' from provider 'null' with HMAC.
2024-07-29 14:19:59.118 -06:00 [DBG] Using key {f525847f-758a-46e9-86b1-dd6e6d9d7bac} as the default key.
2024-07-29 14:19:59.119 -06:00 [DBG] Key ring with default key {f525847f-758a-46e9-86b1-dd6e6d9d7bac} was loaded during application startup.
2024-07-29 14:19:59.185 -06:00 [DBG] Using development certificate: CN=localhost (Thumbprint: 7D401DD9D40A0E9E829B90A6E7BED6014B17A9F5)
2024-07-29 14:19:59.207 -06:00 [INF] Now listening on: https://localhost:7049
2024-07-29 14:19:59.209 -06:00 [INF] Now listening on: http://localhost:5279
2024-07-29 14:19:59.209 -06:00 [DBG] Loaded hosting startup assembly Application
2024-07-29 14:19:59.210 -06:00 [INF] Application started. Press Ctrl+C to shut down.
2024-07-29 14:19:59.210 -06:00 [INF] Hosting environment: Development
2024-07-29 14:19:59.211 -06:00 [INF] Content root path: C:\Users\arteaprogramar\Documents\CustomSoft\Back\Application\
2024-07-29 14:19:59.211 -06:00 [DBG] Hosting started
2024-07-29 14:20:01.678 -06:00 [DBG] Connection id "0HN5G1F9LJFEO" accepted.
2024-07-29 14:20:01.681 -06:00 [DBG] Connection id "0HN5G1F9LJFEO" started.
2024-07-29 14:20:01.708 -06:00 [DBG] Connection id "0HN5G1F9LJFEP" accepted.
2024-07-29 14:20:01.708 -06:00 [DBG] Connection id "0HN5G1F9LJFEO" received FIN.
2024-07-29 14:20:01.709 -06:00 [DBG] Connection id "0HN5G1F9LJFEP" started.
2024-07-29 14:20:01.714 -06:00 [DBG] Connection id "0HN5G1F9LJFEP" received FIN.
2024-07-29 14:20:01.712 -06:00 [DBG] Failed to authenticate HTTPS connection.
System.Security.Authentication.AuthenticationException: Authentication failed, see inner exception.
 ---> System.ComponentModel.Win32Exception (0x80090327): Error desconocido al procesar el certificado.
   --- End of inner exception stack trace ---
   at System.Net.Security.SslStream.ForceAuthenticationAsync[TIOAdapter](TIOAdapter adapter, Boolean receiveFirst, Byte[] reAuthenticationData, Boolean isApm)
   at Microsoft.AspNetCore.Server.Kestrel.Https.Internal.HttpsConnectionMiddleware.OnConnectionAsync(ConnectionContext context)
2024-07-29 14:20:01.714 -06:00 [DBG] Failed to authenticate HTTPS connection.
System.Security.Authentication.AuthenticationException: Authentication failed, see inner exception.
 ---> System.ComponentModel.Win32Exception (0x80090327): Error desconocido al procesar el certificado.
   --- End of inner exception stack trace ---
   at System.Net.Security.SslStream.ForceAuthenticationAsync[TIOAdapter](TIOAdapter adapter, Boolean receiveFirst, Byte[] reAuthenticationData, Boolean isApm)
   at Microsoft.AspNetCore.Server.Kestrel.Https.Internal.HttpsConnectionMiddleware.OnConnectionAsync(ConnectionContext context)
2024-07-29 14:20:01.715 -06:00 [DBG] Connection id "0HN5G1F9LJFEQ" accepted.
2024-07-29 14:20:01.728 -06:00 [DBG] Connection id "0HN5G1F9LJFEQ" started.
2024-07-29 14:20:01.728 -06:00 [DBG] Connection id "0HN5G1F9LJFEP" stopped.
2024-07-29 14:20:01.728 -06:00 [DBG] Connection id "0HN5G1F9LJFEO" stopped.
2024-07-29 14:20:01.731 -06:00 [DBG] Connection id "0HN5G1F9LJFEP" sending FIN because: "The Socket transport's send loop completed gracefully."
2024-07-29 14:20:01.731 -06:00 [DBG] Connection id "0HN5G1F9LJFEO" sending FIN because: "The Socket transport's send loop completed gracefully."
2024-07-29 14:20:01.739 -06:00 [DBG] Connection 0HN5G1F9LJFEQ established using the following protocol: "Tls13"
2024-07-29 14:20:01.776 -06:00 [INF] Request starting HTTP/2 GET https://localhost:7049/swagger/index.html - -
2024-07-29 14:20:01.780 -06:00 [DBG] Wildcard detected, all requests with hosts will be allowed.
2024-07-29 14:20:01.882 -06:00 [INF] Request finished HTTP/2 GET https://localhost:7049/swagger/index.html - - - 200 - text/html;charset=utf-8 107.8733ms
2024-07-29 14:20:01.931 -06:00 [INF] Request starting HTTP/2 GET https://localhost:7049/swagger/swagger-ui-standalone-preset.js - -
2024-07-29 14:20:01.931 -06:00 [INF] Request starting HTTP/2 GET https://localhost:7049/swagger/swagger-ui.css - -
2024-07-29 14:20:01.931 -06:00 [INF] Request starting HTTP/2 GET https://localhost:7049/swagger/swagger-ui-bundle.js - -
2024-07-29 14:20:01.940 -06:00 [INF] Sending file. Request path: '/swagger-ui-standalone-preset.js'. Physical path: 'N/A'
2024-07-29 14:20:01.940 -06:00 [INF] Sending file. Request path: '/swagger-ui.css'. Physical path: 'N/A'
2024-07-29 14:20:01.943 -06:00 [INF] Request finished HTTP/2 GET https://localhost:7049/swagger/swagger-ui-standalone-preset.js - - - 200 230280 application/javascript 11.7034ms
2024-07-29 14:20:01.943 -06:00 [INF] Request finished HTTP/2 GET https://localhost:7049/swagger/swagger-ui.css - - - 200 152034 text/css 11.7070ms
2024-07-29 14:20:01.949 -06:00 [INF] Sending file. Request path: '/swagger-ui-bundle.js'. Physical path: 'N/A'
2024-07-29 14:20:01.952 -06:00 [INF] Request finished HTTP/2 GET https://localhost:7049/swagger/swagger-ui-bundle.js - - - 200 1456926 application/javascript 20.5446ms
2024-07-29 14:20:02.233 -06:00 [INF] Request starting HTTP/2 GET https://localhost:7049/swagger/v1/swagger.json - -
2024-07-29 14:20:02.254 -06:00 [INF] Request starting HTTP/2 GET https://localhost:7049/swagger/favicon-32x32.png - -
2024-07-29 14:20:02.255 -06:00 [INF] Sending file. Request path: '/favicon-32x32.png'. Physical path: 'N/A'
2024-07-29 14:20:02.256 -06:00 [INF] Request finished HTTP/2 GET https://localhost:7049/swagger/favicon-32x32.png - - - 200 628 image/png 2.2447ms
2024-07-29 14:20:02.312 -06:00 [INF] Request finished HTTP/2 GET https://localhost:7049/swagger/v1/swagger.json - - - 200 - application/json;charset=utf-8 79.0827ms
2024-07-29 14:20:12.681 -06:00 [INF] Request starting HTTP/2 POST https://localhost:7049/api/Storage/store multipart/form-data;+boundary=----WebKitFormBoundaryUBlOAYojWz864bLR 323235
2024-07-29 14:20:12.682 -06:00 [DBG] POST requests are not supported
2024-07-29 14:20:12.684 -06:00 [DBG] The request has an origin header: 'https://localhost:7049'.
2024-07-29 14:20:12.685 -06:00 [INF] CORS policy execution successful.
2024-07-29 14:20:12.708 -06:00 [DBG] 1 candidate(s) found for the request path '/api/Storage/store'
2024-07-29 14:20:12.716 -06:00 [DBG] Endpoint 'Application.Controller.StorageController.Store (Application)' with route pattern 'api/Storage/store' is valid for the request path '/api/Storage/store'
2024-07-29 14:20:12.720 -06:00 [DBG] Request matched endpoint 'Application.Controller.StorageController.Store (Application)'
2024-07-29 14:20:12.722 -06:00 [INF] Executing endpoint 'Application.Controller.StorageController.Store (Application)'
2024-07-29 14:20:12.769 -06:00 [INF] Route matched with {action = "Store", controller = "Storage"}. Executing controller action with signature System.Threading.Tasks.Task`1[Microsoft.AspNetCore.Mvc.IActionResult] Store(Application.Adapter.File.FilesUploadAdapter) on controller Application.Controller.StorageController (Application).
2024-07-29 14:20:12.773 -06:00 [DBG] Execution plan of authorization filters (in the following order): ["None"]
2024-07-29 14:20:12.774 -06:00 [DBG] Execution plan of resource filters (in the following order): ["None"]
2024-07-29 14:20:12.775 -06:00 [DBG] Execution plan of action filters (in the following order): ["Microsoft.AspNetCore.Mvc.ModelBinding.UnsupportedContentTypeFilter (Order: -3000)","Microsoft.AspNetCore.Mvc.Infrastructure.ModelStateInvalidFilter (Order: -2000)"]
2024-07-29 14:20:12.776 -06:00 [DBG] Execution plan of exception filters (in the following order): ["None"]
2024-07-29 14:20:12.777 -06:00 [DBG] Execution plan of result filters (in the following order): ["Microsoft.AspNetCore.Mvc.Infrastructure.ClientErrorResultFilter (Order: -2000)"]
2024-07-29 14:20:12.779 -06:00 [DBG] Executing controller factory for controller Application.Controller.StorageController (Application)
2024-07-29 14:20:12.782 -06:00 [DBG] Executed controller factory for controller Application.Controller.StorageController (Application)
2024-07-29 14:20:12.788 -06:00 [DBG] Connection id "0HN5G1F9LJFEQ", Request id "0HN5G1F9LJFEQ:0000000D": started reading request body.
2024-07-29 14:20:12.807 -06:00 [DBG] Connection id "0HN5G1F9LJFEQ", Request id "0HN5G1F9LJFEQ:0000000D": done reading request body.
2024-07-29 14:20:12.816 -06:00 [DBG] Attempting to bind parameter 'validator' of type 'Application.Adapter.File.FilesUploadAdapter' ...
2024-07-29 14:20:12.819 -06:00 [DBG] Attempting to bind parameter 'validator' of type 'Application.Adapter.File.FilesUploadAdapter' using the name '' in request data ...
2024-07-29 14:20:12.824 -06:00 [DBG] Attempting to bind property 'Application.Adapter.File.FilesUploadAdapter.Files' of type 'System.Collections.Generic.List`1[Microsoft.AspNetCore.Http.IFormFile]' using the name 'Files' in request data ...
2024-07-29 14:20:12.826 -06:00 [DBG] Done attempting to bind property 'Application.Adapter.File.FilesUploadAdapter.Files' of type 'System.Collections.Generic.List`1[Microsoft.AspNetCore.Http.IFormFile]'.
2024-07-29 14:20:12.829 -06:00 [DBG] Attempting to bind property 'Application.Adapter.File.FilesUploadAdapter.Folder' of type 'System.String' using the name 'Folder' in request data ...
2024-07-29 14:20:12.832 -06:00 [DBG] Done attempting to bind property 'Application.Adapter.File.FilesUploadAdapter.Folder' of type 'System.String'.
2024-07-29 14:20:12.833 -06:00 [DBG] Attempting to bind property 'Application.Adapter.File.FilesUploadAdapter.IsRename' of type 'System.Boolean' using the name 'IsRename' in request data ...
2024-07-29 14:20:12.835 -06:00 [DBG] Done attempting to bind property 'Application.Adapter.File.FilesUploadAdapter.IsRename' of type 'System.Boolean'.
2024-07-29 14:20:12.836 -06:00 [DBG] Done attempting to bind parameter 'validator' of type 'Application.Adapter.File.FilesUploadAdapter'.
2024-07-29 14:20:12.837 -06:00 [DBG] Done attempting to bind parameter 'validator' of type 'Application.Adapter.File.FilesUploadAdapter'.
2024-07-29 14:20:12.838 -06:00 [DBG] Attempting to validate the bound parameter 'validator' of type 'Application.Adapter.File.FilesUploadAdapter' ...
2024-07-29 14:20:12.846 -06:00 [DBG] Done attempting to validate the bound parameter 'validator' of type 'Application.Adapter.File.FilesUploadAdapter'.
2024-07-29 14:20:12.862 -06:00 [DBG] List of registered output formatters, in the following order: ["Microsoft.AspNetCore.Mvc.Formatters.HttpNoContentOutputFormatter","Microsoft.AspNetCore.Mvc.Formatters.StringOutputFormatter","Microsoft.AspNetCore.Mvc.Formatters.StreamOutputFormatter","Microsoft.AspNetCore.Mvc.Formatters.SystemTextJsonOutputFormatter"]
2024-07-29 14:20:12.867 -06:00 [DBG] No information found on request to perform content negotiation.
2024-07-29 14:20:12.868 -06:00 [DBG] Attempting to select an output formatter without using a content type as no explicit content types were specified for the response.
2024-07-29 14:20:12.868 -06:00 [DBG] Attempting to select the first formatter in the output formatters list which can write the result.
2024-07-29 14:20:12.869 -06:00 [DBG] Selected output formatter 'Microsoft.AspNetCore.Mvc.Formatters.SystemTextJsonOutputFormatter' and content type 'application/json' to write the response.
2024-07-29 14:20:12.885 -06:00 [INF] Executing OkObjectResult, writing value of type 'Domain.Response.BaseResponse'.
2024-07-29 14:20:12.950 -06:00 [INF] Executed action Application.Controller.StorageController.Store (Application) in 166.2626ms
2024-07-29 14:20:12.953 -06:00 [INF] Executed endpoint 'Application.Controller.StorageController.Store (Application)'
2024-07-29 14:20:12.955 -06:00 [INF] Request finished HTTP/2 POST https://localhost:7049/api/Storage/store multipart/form-data;+boundary=----WebKitFormBoundaryUBlOAYojWz864bLR 323235 - 200 - application/json;+charset=utf-8 274.1566ms
